Arguments: 
  C:\Program Files\nodejs\node.exe C:\Users\bglou\AppData\Roaming\npm\node_modules\yarn\bin\yarn.js

PATH: 
  C:\Program Files\Git\mingw64\bin;C:\Program Files\Git\usr\bin;C:\Users\bglou\bin;C:\Program Files\Git\mingw64\bin;C:\Program Files\Git\usr\bin;C:\Users\bglou\bin;C:\Users\bglou\bin;E:\cmder\bin;E:\cmder\vendor\bin;C:\Program Files\Git\usr\bin;E:\cmder\vendor\git-for-windows\mingw64\bin;E:\cmder\vendor\git-for-windows\usr\local\bin;E:\cmder\vendor\git-for-windows\usr\bin;E:\cmder\vendor\git-for-windows\usr\bin;E:\cmder\vendor\git-for-windows\mingw64\bin;E:\cmder\vendor\git-for-windows\usr\bin;C:\Users\bglou\bin;E:\cmder\vendor\conemu-maximus5\ConEmu\Scripts;E:\cmder\vendor\conemu-maximus5;E:\cmder\vendor\conemu-maximus5\ConEmu;C:\Python38\Scripts;C:\Python38;C:\WINDOWS\system32;C:\WINDOWS;C:\WINDOWS\System32\Wbem;C:\WINDOWS\System32\WindowsPowerShell\v1.0;C:\WINDOWS\System32\OpenSSH;C:\ProgramData\chocolatey\bin;C:\Program Files\Microsoft VS Code\bin;C:\Program Files\Calibre2;C:\Program Files\dotnet;C:\Program Files\Git\cmd;C:\Program Files\nodejs;C:\xampp\php;C:\ProgramData\ComposerSetup\bin;C:\Users\bglou\AppData\Local\Microsoft\WindowsApps;C:\Users\bglou\AppData\Roaming\npm;C:\Users\bglou\AppData\Roaming\Composer\vendor\bin;E:\cmder;E:\cmder\vendor\git-for-windows\usr\bin\vendor_perl;E:\cmder\vendor\git-for-windows\usr\bin\core_perl

Yarn version: 
  1.22.4

Node version: 
  12.18.3

Platform: 
  win32 x64

Trace: 
  Error: EPERM: operation not permitted, unlink 'E:\dev\tailwind\tailwindtutorial\node_modules\postcss-functions\node_modules\postcss-value-parser\package.json'

npm manifest: 
  {
    "scripts": {
      "dev": "npx parcel src/index.html",
      "prod": "npx parcel build src/index.html --public-url='./'",
      "build": "npx parcel build src/index.html --public-url='./'"
    },
    "devDependencies": {
      "@fullhuman/postcss-purgecss": "^2.3.0",
      "autoprefixer": "^9.8.6",
      "parcel-bundler": "^1.12.4",
      "postcss": "^7.0.32",
      "tailwindcss": "^1.8.0"
    }
  }

yarn manifest: 
  No manifest

Lockfile: 
  No lockfile
